[debug] [2018-01-21T04:46:17.269Z] ----------------------------------------------------------------------
[debug] [2018-01-21T04:46:17.269Z] Command:       C:\Program Files (x86)\nodejs\node.exe C:\Users\Nihar\AppData\Roaming\npm\node_modules\firebase-tools\bin\firebase serve
[debug] [2018-01-21T04:46:17.269Z] CLI Version:   3.17.3
[debug] [2018-01-21T04:46:17.269Z] Platform:      win32
[debug] [2018-01-21T04:46:17.269Z] Node Version:  v6.2.1
[debug] [2018-01-21T04:46:17.285Z] Time:          Sat Jan 20 2018 20:46:17 GMT-0800 (Pacific Standard Time)
[debug] [2018-01-21T04:46:17.285Z] ----------------------------------------------------------------------
[debug] 
[debug] [2018-01-21T04:46:17.300Z] > command requires scopes: ["email","openid","https://www.googleapis.com/auth/cloudplatformprojects.readonly","https://www.googleapis.com/auth/firebase","https://www.googleapis.com/auth/cloud-platform"]
[debug] [2018-01-21T04:46:17.300Z] > authorizing via signed-in user
[debug] [2018-01-21T04:46:17.300Z] > refreshing access token with scopes: ["email","https://www.googleapis.com/auth/cloud-platform","https://www.googleapis.com/auth/cloudplatformprojects.readonly","https://www.googleapis.com/auth/firebase","openid"]
[debug] [2018-01-21T04:46:17.300Z] >>> HTTP REQUEST POST https://www.googleapis.com/oauth2/v3/token  
 { refresh_token: '1/HFxx99nvOxxBbQuCHvLi5upWrJNbs_a-sNcsLtVgn7M',
  client_id: '563584335869-fgrhgmd47bqnekij5i8b5pr03ho849e6.apps.googleusercontent.com',
  client_secret: 'j9iVZfS8kkCEFUPaAeJV0sAi',
  grant_type: 'refresh_token',
  scope: 'email https://www.googleapis.com/auth/cloud-platform https://www.googleapis.com/auth/cloudplatformprojects.readonly https://www.googleapis.com/auth/firebase openid' } 
 Sat Jan 20 2018 20:46:17 GMT-0800 (Pacific Standard Time)
[debug] [2018-01-21T04:46:17.476Z] <<< HTTP RESPONSE 200
[debug] [2018-01-21T04:46:17.476Z] >>> HTTP REQUEST GET https://admin.firebase.com/v1/projects/sbhacks2018  
  
 Sat Jan 20 2018 20:46:17 GMT-0800 (Pacific Standard Time)
[debug] [2018-01-21T04:46:17.898Z] <<< HTTP RESPONSE 200
[debug] [2018-01-21T04:46:17.898Z] >>> HTTP REQUEST GET https://admin.firebase.com/v1/database/sbhacks2018/tokens  
  
 Sat Jan 20 2018 20:46:17 GMT-0800 (Pacific Standard Time)
[debug] [2018-01-21T04:46:18.214Z] <<< HTTP RESPONSE 200
[info] 
[info] === Serving from 'C:\Users\Nihar\Documents\UCSD\3rd Year\Q2\SBHACKS\sbhacks2018'...
[info] 
[debug] [2018-01-21T04:46:18.230Z] >>> HTTP REQUEST GET https://cloudresourcemanager.googleapis.com/v1/projects/sbhacks2018  
  
 Sat Jan 20 2018 20:46:18 GMT-0800 (Pacific Standard Time)
[debug] [2018-01-21T04:46:18.652Z] <<< HTTP RESPONSE 200
[debug] [2018-01-21T04:46:18.652Z] >>> HTTP REQUEST GET https://mobilesdk-pa.googleapis.com/v1/projects/1042786080266/clients/_:getWebAppConfig  
  
 Sat Jan 20 2018 20:46:18 GMT-0800 (Pacific Standard Time)
[debug] [2018-01-21T04:46:19.136Z] <<< HTTP RESPONSE 200
[info] i  hosting: Serving hosting files from: public
[info] +  hosting: Local server: http://localhost:5000

