[debug] [2018-01-20T10:49:30.167Z] ----------------------------------------------------------------------
[debug] [2018-01-20T10:49:30.170Z] Command:       C:\Program Files (x86)\nodejs\node.exe C:\Users\Nihar\AppData\Roaming\npm\node_modules\firebase-tools\bin\firebase serve
[debug] [2018-01-20T10:49:30.170Z] CLI Version:   3.17.3
[debug] [2018-01-20T10:49:30.170Z] Platform:      win32
[debug] [2018-01-20T10:49:30.170Z] Node Version:  v6.2.1
[debug] [2018-01-20T10:49:30.171Z] Time:          Sat Jan 20 2018 02:49:30 GMT-0800 (Pacific Standard Time)
[debug] [2018-01-20T10:49:30.171Z] ----------------------------------------------------------------------
[debug] 
[debug] [2018-01-20T10:49:30.187Z] > command requires scopes: ["email","openid","https://www.googleapis.com/auth/cloudplatformprojects.readonly","https://www.googleapis.com/auth/firebase","https://www.googleapis.com/auth/cloud-platform"]
[debug] [2018-01-20T10:49:30.188Z] > authorizing via signed-in user
[debug] [2018-01-20T10:49:30.190Z] > refreshing access token with scopes: ["email","https://www.googleapis.com/auth/cloud-platform","https://www.googleapis.com/auth/cloudplatformprojects.readonly","https://www.googleapis.com/auth/firebase","openid"]
[debug] [2018-01-20T10:49:30.190Z] >>> HTTP REQUEST POST https://www.googleapis.com/oauth2/v3/token  
 { refresh_token: '1/HFxx99nvOxxBbQuCHvLi5upWrJNbs_a-sNcsLtVgn7M',
  client_id: '563584335869-fgrhgmd47bqnekij5i8b5pr03ho849e6.apps.googleusercontent.com',
  client_secret: 'j9iVZfS8kkCEFUPaAeJV0sAi',
  grant_type: 'refresh_token',
  scope: 'email https://www.googleapis.com/auth/cloud-platform https://www.googleapis.com/auth/cloudplatformprojects.readonly https://www.googleapis.com/auth/firebase openid' } 
 Sat Jan 20 2018 02:49:30 GMT-0800 (Pacific Standard Time)
[debug] [2018-01-20T10:49:30.366Z] <<< HTTP RESPONSE 200
[debug] [2018-01-20T10:49:30.372Z] >>> HTTP REQUEST GET https://admin.firebase.com/v1/projects/sbhacks2018  
  
 Sat Jan 20 2018 02:49:30 GMT-0800 (Pacific Standard Time)
[debug] [2018-01-20T10:49:30.872Z] <<< HTTP RESPONSE 200
[debug] [2018-01-20T10:49:30.873Z] >>> HTTP REQUEST GET https://admin.firebase.com/v1/database/sbhacks2018/tokens  
  
 Sat Jan 20 2018 02:49:30 GMT-0800 (Pacific Standard Time)
[debug] [2018-01-20T10:49:31.267Z] <<< HTTP RESPONSE 200
[info] 
[info] === Serving from 'C:\Users\Nihar\Documents\UCSD\3rd Year\Q2\SBHACKS\sbhacks2018'...
[info] 
[debug] [2018-01-20T10:49:31.270Z] >>> HTTP REQUEST GET https://cloudresourcemanager.googleapis.com/v1/projects/sbhacks2018  
  
 Sat Jan 20 2018 02:49:31 GMT-0800 (Pacific Standard Time)
[debug] [2018-01-20T10:49:31.582Z] <<< HTTP RESPONSE 200
[debug] [2018-01-20T10:49:31.582Z] >>> HTTP REQUEST GET https://mobilesdk-pa.googleapis.com/v1/projects/1042786080266/clients/_:getWebAppConfig  
  
 Sat Jan 20 2018 02:49:31 GMT-0800 (Pacific Standard Time)
[debug] [2018-01-20T10:49:32.151Z] <<< HTTP RESPONSE 200
[info] i  hosting: Serving hosting files from: public
[info] +  hosting: Local server: http://localhost:5000

